2021-07-31 20:31:24 info: XVBA Live Server extension is now active!
2021-07-31 20:31:24 debug: Start Watch Excel Export VBA Files
2021-07-31 20:31:24 debug: Start Run Macro Server
2021-07-31 20:31:24 info: XVBA Ribbon Starts
2021-07-31 20:45:40 debug: Close Watch Excel Export VBA Files
2021-07-31 20:46:01 info: XVBA Live Server extension is now active!
2021-07-31 20:46:01 debug: Start Watch Excel Export VBA Files
2021-07-31 20:46:01 debug: Start Run Macro Server
2021-07-31 20:46:01 info: XVBA Ribbon Starts
2021-07-31 20:46:33 debug: Close Watch Excel Export VBA Files
2021-07-31 20:46:45 info: XVBA Live Server extension is now active!
2021-07-31 20:46:45 debug: Start Run Macro Server
2021-07-31 20:46:45 debug: Start Watch Excel Export VBA Files
2021-07-31 20:46:45 info: XVBA Ribbon Starts
2021-07-31 20:51:22 debug: Close Watch Excel Export VBA Files
2021-07-31 20:51:30 info: XVBA Live Server extension is now active!
2021-07-31 20:51:30 debug: Start Watch Excel Export VBA Files
2021-07-31 20:51:30 debug: Start Run Macro Server
2021-07-31 20:51:30 info: XVBA Ribbon Starts
2021-07-31 20:56:14 debug: Close Watch Excel Export VBA Files
2021-07-31 20:56:48 info: XVBA Live Server extension is now active!
2021-07-31 20:56:48 debug: Start Watch Excel Export VBA Files
2021-07-31 20:56:48 debug: Start Run Macro Server
2021-07-31 20:56:48 info: XVBA Ribbon Starts
2021-07-31 20:56:54 debug: Close Watch Excel Export VBA Files
2021-07-31 20:57:01 info: XVBA Live Server extension is now active!
2021-07-31 20:57:01 debug: Start Watch Excel Export VBA Files
2021-07-31 20:57:01 debug: Start Run Macro Server
2021-07-31 20:57:01 info: XVBA Ribbon Starts
2021-07-31 20:59:33 debug: Close Watch Excel Export VBA Files
2021-07-31 21:00:13 info: XVBA Live Server extension is now active!
2021-07-31 21:00:13 debug: Start Watch Excel Export VBA Files
2021-07-31 21:00:13 debug: Start Run Macro Server
2021-07-31 21:00:13 info: XVBA Ribbon Starts
2021-07-31 21:03:25 debug: Close Watch Excel Export VBA Files
2021-07-31 21:03:32 info: XVBA Live Server extension is now active!
2021-07-31 21:03:32 debug: Start Watch Excel Export VBA Files
2021-07-31 21:03:32 debug: Start Run Macro Server
2021-07-31 21:03:32 info: XVBA Ribbon Starts
2021-07-31 21:07:15 debug: Close Watch Excel Export VBA Files
2021-07-31 21:07:22 info: XVBA Live Server extension is now active!
2021-07-31 21:07:22 debug: Start Watch Excel Export VBA Files
2021-07-31 21:07:22 debug: Start Run Macro Server
2021-07-31 21:07:22 info: XVBA Ribbon Starts
2021-07-31 21:09:45 debug: Close Watch Excel Export VBA Files
2021-07-31 21:10:11 info: XVBA Live Server extension is now active!
2021-07-31 21:10:11 debug: Start Watch Excel Export VBA Files
2021-07-31 21:10:11 debug: Start Run Macro Server
2021-07-31 21:10:11 info: XVBA Ribbon Starts
2021-07-31 21:11:27 debug: Close Watch Excel Export VBA Files
